<?xml version="1.0" encoding="UTF-8"?>
<!-- Generated by org.testng.reporters.JUnitReportReporter -->
<testsuite hostname="LAPTOP-TTFMFTTA" failures="0" tests="2" name="TestNG.annotations4" time="0.019" errors="0" timestamp="2023-05-08T23:30:05 IST" skipped="1">
  <testcase classname="TestNG.annotations4" name="gmailApplicationInBoxTest" time="0.019"/>
  <system-out/>
  <testcase classname="TestNG.annotations4" name="gmailApplicationDraftsTest">
    <skipped/>
  </testcase> <!-- gmailApplicationDraftsTest -->
  <system-out/>
</testsuite> <!-- TestNG.annotations4 -->
