<?xml version="1.0" encoding="UTF-8"?>
<!-- Generated by org.testng.reporters.JUnitReportReporter -->
<testsuite hostname="LAPTOP-TTFMFTTA" failures="0" tests="1" name="TestNGmethod.method1" time="0.021" errors="0" timestamp="2023-05-08T21:26:34 IST" skipped="0">
  <testcase classname="TestNGmethod.method1" name="testAddition" time="0.021"/>
  <system-out/>
</testsuite> <!-- TestNGmethod.method1 -->
