<?xml version="1.0" encoding="UTF-8"?>
<!-- Generated by org.testng.reporters.JUnitReportReporter -->
<testsuite hostname="LAPTOP-TTFMFTTA" failures="0" tests="4" name="TestNG.annotations1" time="0.028" errors="0" timestamp="2023-05-08T21:39:55 IST" skipped="0">
  <testcase classname="TestNG.annotations1" name="method1" time="0.004"/>
  <system-out/>
  <testcase classname="TestNG.annotations1" name="method2" time="0.002"/>
  <system-out/>
  <testcase classname="TestNG.annotations1" name="Method3" time="0.016"/>
  <system-out/>
  <testcase classname="TestNG.annotations1" name="Method4" time="0.006"/>
  <system-out/>
</testsuite> <!-- TestNG.annotations1 -->
