<?xml version="1.0" encoding="UTF-8"?>
<!-- Generated by org.testng.reporters.JUnitReportReporter -->
<testsuite hostname="LAPTOP-TTFMFTTA" failures="0" tests="6" name="TestNG.annotations2" time="0.030" errors="0" timestamp="2023-05-08T23:21:07 IST" skipped="1">
  <testcase classname="TestNG.annotations2" name="gmailApplicationLaunch" time="0.021"/>
  <system-out/>
  <testcase classname="TestNG.annotations2" name="gmailApplicationInBoxTest" time="0.002"/>
  <system-out/>
  <testcase classname="TestNG.annotations2" name="gmailApplicationComposeMailTest" time="0.002"/>
  <system-out/>
  <testcase classname="TestNG.annotations2" name="gmailApplicationSentMailTest" time="0.003"/>
  <system-out/>
  <testcase classname="TestNG.annotations2" name="gmailApplicationClose" time="0.002"/>
  <system-out/>
  <testcase classname="TestNG.annotations2" name="gmailApplicationDraftsTest">
    <skipped/>
  </testcase> <!-- gmailApplicationDraftsTest -->
  <system-out/>
</testsuite> <!-- TestNG.annotations2 -->
