<?xml version="1.0" encoding="UTF-8"?>
<!-- Generated by org.testng.reporters.JUnitReportReporter -->
<testsuite hostname="LAPTOP-TTFMFTTA" failures="0" tests="4" name="TestNG.annotation3" time="0.029" errors="0" timestamp="2023-05-08T23:27:04 IST" skipped="1">
  <testcase classname="TestNG.annotation3" name="gmailApplicationInBoxTest" time="0.017"/>
  <system-out/>
  <testcase classname="TestNG.annotation3" name="gmailApplicationComposeMailTest" time="0.003"/>
  <system-out/>
  <testcase classname="TestNG.annotation3" name="gmailApplicationSentMailTest" time="0.009"/>
  <system-out/>
  <testcase classname="TestNG.annotation3" name="gmailApplicationDraftsTest">
    <skipped/>
  </testcase> <!-- gmailApplicationDraftsTest -->
  <system-out/>
</testsuite> <!-- TestNG.annotation3 -->
