<?xml version="1.0" encoding="UTF-8"?>
<!-- Generated by org.testng.reporters.JUnitReportReporter -->
<testsuite hostname="LAPTOP-TTFMFTTA" failures="0" tests="2" name="com.OrangeHRMApplicationWebPagesTests.OrangeHRMAddEmployeePageTest" time="17.866" errors="0" timestamp="2023-05-31T12:13:15 IST" skipped="0">
  <testcase classname="com.OrangeHRMApplicationWebPagesTests.OrangeHRMAddEmployeePageTest" name="ffg" time="3.864"/>
  <system-out/>
  <testcase classname="com.OrangeHRMApplicationWebPagesTests.OrangeHRMAddEmployeePageTest" name="validatingAddEmployeeHeaderTextTest" time="14.002"/>
  <system-out/>
</testsuite> <!-- com.OrangeHRMApplicationWebPagesTests.OrangeHRMAddEmployeePageTest -->
