<?xml version="1.0" encoding="UTF-8"?>
<!-- Generated by org.testng.reporters.JUnitReportReporter -->
<testsuite hostname="LAPTOP-TTFMFTTA" failures="0" tests="1" name="com.BaseTest.BaseTest" time="17.446" errors="0" timestamp="2023-05-30T12:56:55 IST" skipped="0">
  <testcase classname="com.BaseTest.BaseTest" name="ffg" time="17.446"/>
  <system-out/>
</testsuite> <!-- com.BaseTest.BaseTest -->
