<?xml version="1.0" encoding="UTF-8"?>
<!-- Generated by org.testng.reporters.JUnitReportReporter -->
<testsuite hostname="LAPTOP-TTFMFTTA" failures="0" tests="1" name="com.OrangeHRMApplicationWebPages.OrangeHRMHomePage" time="4.279" errors="0" timestamp="2023-05-31T12:02:58 IST" skipped="0">
  <testcase classname="com.OrangeHRMApplicationWebPages.OrangeHRMHomePage" name="ffg" time="4.279"/>
  <system-out/>
</testsuite> <!-- com.OrangeHRMApplicationWebPages.OrangeHRMHomePage -->
