<?xml version="1.0" encoding="UTF-8"?>
<!-- Generated by org.testng.reporters.JUnitReportReporter -->
<testsuite hostname="LAPTOP-TTFMFTTA" failures="0" tests="4" name="com.OrangeHRMApplicationWebPagesTests.OrangeHRMLogInPageTest" time="22.047" errors="0" timestamp="2023-05-30T12:57:42 IST" skipped="0">
  <testcase classname="com.OrangeHRMApplicationWebPagesTests.OrangeHRMLogInPageTest" name="ffg" time="4.400"/>
  <system-out/>
  <testcase classname="com.OrangeHRMApplicationWebPagesTests.OrangeHRMLogInPageTest" name="validatingLogInPageTextTest" time="4.146"/>
  <system-out/>
  <testcase classname="com.OrangeHRMApplicationWebPagesTests.OrangeHRMLogInPageTest" name="validatingLogInTest" time="9.884"/>
  <system-out/>
  <testcase classname="com.OrangeHRMApplicationWebPagesTests.OrangeHRMLogInPageTest" name="validatingLogInPageLogoTest" time="3.617"/>
  <system-out/>
</testsuite> <!-- com.OrangeHRMApplicationWebPagesTests.OrangeHRMLogInPageTest -->
