<?xml version="1.0" encoding="UTF-8"?>
<!-- Generated by org.testng.reporters.JUnitReportReporter -->
<testsuite hostname="LAPTOP-TTFMFTTA" failures="0" tests="5" name="com.OrangeHRMApplicationWebPagesTests.OrangeHRMHomePageTest" time="56.223" errors="0" timestamp="2023-05-31T12:12:36 IST" skipped="0">
  <testcase classname="com.OrangeHRMApplicationWebPagesTests.OrangeHRMHomePageTest" name="ffg" time="4.094"/>
  <system-out/>
  <testcase classname="com.OrangeHRMApplicationWebPagesTests.OrangeHRMHomePageTest" name="validatingHomePageAdminTextTest" time="12.994"/>
  <system-out/>
  <testcase classname="com.OrangeHRMApplicationWebPagesTests.OrangeHRMHomePageTest" name="validatingHomePagePIMTextTest" time="14.930"/>
  <system-out/>
  <testcase classname="com.OrangeHRMApplicationWebPagesTests.OrangeHRMHomePageTest" name="validatingHomePageLeaveTextTest" time="11.871"/>
  <system-out/>
  <testcase classname="com.OrangeHRMApplicationWebPagesTests.OrangeHRMHomePageTest" name="validatingHomePageTimeTextTest" time="12.334"/>
  <system-out/>
</testsuite> <!-- com.OrangeHRMApplicationWebPagesTests.OrangeHRMHomePageTest -->
